2025-04-15 07:45:12,104 - CSV file not found at ../data/finops_data.csv
2025-04-15 07:45:53,490 - Computed current CSV hash: e88763d01a9a89707a3f2ff51a686f4a82914129e3c5ac3422ba5f48bdecd769
2025-04-15 07:45:53,500 - Updated hash file with hash: e88763d01a9a89707a3f2ff51a686f4a82914129e3c5ac3422ba5f48bdecd769
2025-04-15 07:45:53,500 - CSV content has changed. Proceeding with re-ingestion.
2025-04-15 07:45:53,616 - Loaded CSV with 100000 rows.
2025-04-15 07:45:57,818 - Created 100000 document objects with metadata.
2025-04-15 07:45:58,989 - HTTP Request: POST http://localhost:11434/api/embed "HTTP/1.1 200 OK"
2025-04-15 07:45:59,098 - HTTP Request: GET http://localhost:6333 "HTTP/1.1 200 OK"
2025-04-15 07:45:59,151 - HTTP Request: GET http://localhost:6333 "HTTP/1.1 200 OK"
2025-04-15 07:45:59,161 - HTTP Request: GET http://localhost:6333/collections/finops_db/exists "HTTP/1.1 200 OK"
2025-04-15 07:45:59,172 - HTTP Request: GET http://localhost:6333/collections/finops_db "HTTP/1.1 200 OK"
2025-04-15 07:46:00,672 - HTTP Request: POST http://localhost:11434/api/embed "HTTP/1.1 200 OK"
2025-04-15 07:46:00,989 - HTTP Request: PUT http://localhost:6333/collections/finops_db/points?wait=true "HTTP/1.1 200 OK"
2025-04-15 07:46:02,045 - HTTP Request: POST http://localhost:11434/api/embed "HTTP/1.1 200 OK"
2025-04-15 07:46:02,268 - HTTP Request: PUT http://localhost:6333/collections/finops_db/points?wait=true "HTTP/1.1 200 OK"
2025-04-15 07:46:03,419 - HTTP Request: POST http://localhost:11434/api/embed "HTTP/1.1 200 OK"
2025-04-15 07:46:03,679 - HTTP Request: PUT http://localhost:6333/collections/finops_db/points?wait=true "HTTP/1.1 200 OK"
2025-04-15 07:46:04,720 - HTTP Request: POST http://localhost:11434/api/embed "HTTP/1.1 200 OK"
2025-04-15 07:46:04,929 - HTTP Request: PUT http://localhost:6333/collections/finops_db/points?wait=true "HTTP/1.1 200 OK"
2025-04-15 07:46:06,044 - HTTP Request: POST http://localhost:11434/api/embed "HTTP/1.1 200 OK"
2025-04-15 07:46:06,256 - HTTP Request: PUT http://localhost:6333/collections/finops_db/points?wait=true "HTTP/1.1 200 OK"
2025-04-15 07:46:07,424 - HTTP Request: POST http://localhost:11434/api/embed "HTTP/1.1 200 OK"
2025-04-15 07:46:07,618 - HTTP Request: PUT http://localhost:6333/collections/finops_db/points?wait=true "HTTP/1.1 200 OK"
2025-04-15 07:46:08,810 - HTTP Request: POST http://localhost:11434/api/embed "HTTP/1.1 200 OK"
2025-04-15 07:46:08,976 - HTTP Request: PUT http://localhost:6333/collections/finops_db/points?wait=true "HTTP/1.1 200 OK"
2025-04-15 07:46:10,142 - HTTP Request: POST http://localhost:11434/api/embed "HTTP/1.1 200 OK"
2025-04-15 07:46:10,329 - HTTP Request: PUT http://localhost:6333/collections/finops_db/points?wait=true "HTTP/1.1 200 OK"
2025-04-15 07:46:11,536 - HTTP Request: POST http://localhost:11434/api/embed "HTTP/1.1 200 OK"
2025-04-15 07:46:11,717 - HTTP Request: PUT http://localhost:6333/collections/finops_db/points?wait=true "HTTP/1.1 200 OK"
2025-04-15 07:46:12,758 - HTTP Request: POST http://localhost:11434/api/embed "HTTP/1.1 200 OK"
2025-04-15 07:46:12,958 - HTTP Request: PUT http://localhost:6333/collections/finops_db/points?wait=true "HTTP/1.1 200 OK"
2025-04-15 07:46:14,029 - HTTP Request: POST http://localhost:11434/api/embed "HTTP/1.1 200 OK"
2025-04-15 07:46:14,196 - HTTP Request: PUT http://localhost:6333/collections/finops_db/points?wait=true "HTTP/1.1 200 OK"
2025-04-15 07:46:15,249 - HTTP Request: POST http://localhost:11434/api/embed "HTTP/1.1 200 OK"
2025-04-15 07:46:15,439 - HTTP Request: PUT http://localhost:6333/collections/finops_db/points?wait=true "HTTP/1.1 200 OK"
2025-04-15 07:46:16,621 - HTTP Request: POST http://localhost:11434/api/embed "HTTP/1.1 200 OK"
2025-04-15 07:46:16,811 - HTTP Request: PUT http://localhost:6333/collections/finops_db/points?wait=true "HTTP/1.1 200 OK"
2025-04-15 07:46:18,042 - HTTP Request: POST http://localhost:11434/api/embed "HTTP/1.1 200 OK"
2025-04-15 07:46:18,246 - HTTP Request: PUT http://localhost:6333/collections/finops_db/points?wait=true "HTTP/1.1 200 OK"
2025-04-15 07:46:19,199 - HTTP Request: POST http://localhost:11434/api/embed "HTTP/1.1 200 OK"
2025-04-15 07:46:19,374 - HTTP Request: PUT http://localhost:6333/collections/finops_db/points?wait=true "HTTP/1.1 200 OK"
2025-04-15 07:46:20,226 - HTTP Request: POST http://localhost:11434/api/embed "HTTP/1.1 200 OK"
2025-04-15 07:46:20,419 - HTTP Request: PUT http://localhost:6333/collections/finops_db/points?wait=true "HTTP/1.1 200 OK"
2025-04-15 07:46:21,518 - HTTP Request: POST http://localhost:11434/api/embed "HTTP/1.1 200 OK"
2025-04-15 07:46:21,697 - HTTP Request: PUT http://localhost:6333/collections/finops_db/points?wait=true "HTTP/1.1 200 OK"
2025-04-15 07:46:22,618 - HTTP Request: POST http://localhost:11434/api/embed "HTTP/1.1 200 OK"
2025-04-15 07:46:22,835 - HTTP Request: PUT http://localhost:6333/collections/finops_db/points?wait=true "HTTP/1.1 200 OK"
2025-04-15 07:46:23,706 - HTTP Request: POST http://localhost:11434/api/embed "HTTP/1.1 200 OK"
2025-04-15 07:46:23,928 - HTTP Request: PUT http://localhost:6333/collections/finops_db/points?wait=true "HTTP/1.1 200 OK"
2025-04-15 07:46:24,854 - HTTP Request: POST http://localhost:11434/api/embed "HTTP/1.1 200 OK"
2025-04-15 07:46:25,047 - HTTP Request: PUT http://localhost:6333/collections/finops_db/points?wait=true "HTTP/1.1 200 OK"
2025-04-15 07:46:26,248 - HTTP Request: POST http://localhost:11434/api/embed "HTTP/1.1 200 OK"
2025-04-15 07:46:26,450 - HTTP Request: PUT http://localhost:6333/collections/finops_db/points?wait=true "HTTP/1.1 200 OK"
2025-04-15 07:46:27,560 - HTTP Request: POST http://localhost:11434/api/embed "HTTP/1.1 200 OK"
2025-04-15 07:46:27,764 - HTTP Request: PUT http://localhost:6333/collections/finops_db/points?wait=true "HTTP/1.1 200 OK"
2025-04-15 07:46:28,856 - HTTP Request: POST http://localhost:11434/api/embed "HTTP/1.1 200 OK"
2025-04-15 07:46:29,034 - HTTP Request: PUT http://localhost:6333/collections/finops_db/points?wait=true "HTTP/1.1 200 OK"
2025-04-15 07:46:30,315 - HTTP Request: POST http://localhost:11434/api/embed "HTTP/1.1 200 OK"
2025-04-15 07:46:30,510 - HTTP Request: PUT http://localhost:6333/collections/finops_db/points?wait=true "HTTP/1.1 200 OK"
2025-04-15 07:46:31,699 - HTTP Request: POST http://localhost:11434/api/embed "HTTP/1.1 200 OK"
2025-04-15 07:46:31,909 - HTTP Request: PUT http://localhost:6333/collections/finops_db/points?wait=true "HTTP/1.1 200 OK"
2025-04-15 07:46:33,137 - HTTP Request: POST http://localhost:11434/api/embed "HTTP/1.1 200 OK"
2025-04-15 07:46:33,337 - HTTP Request: PUT http://localhost:6333/collections/finops_db/points?wait=true "HTTP/1.1 200 OK"
2025-04-15 07:46:34,335 - HTTP Request: POST http://localhost:11434/api/embed "HTTP/1.1 200 OK"
2025-04-15 07:46:34,511 - HTTP Request: PUT http://localhost:6333/collections/finops_db/points?wait=true "HTTP/1.1 200 OK"
2025-04-15 07:46:35,722 - HTTP Request: POST http://localhost:11434/api/embed "HTTP/1.1 200 OK"
2025-04-15 07:46:35,910 - HTTP Request: PUT http://localhost:6333/collections/finops_db/points?wait=true "HTTP/1.1 200 OK"
2025-04-15 07:46:37,140 - HTTP Request: POST http://localhost:11434/api/embed "HTTP/1.1 200 OK"
2025-04-15 07:46:37,334 - HTTP Request: PUT http://localhost:6333/collections/finops_db/points?wait=true "HTTP/1.1 200 OK"
2025-04-15 07:46:38,519 - HTTP Request: POST http://localhost:11434/api/embed "HTTP/1.1 200 OK"
2025-04-15 07:46:38,720 - HTTP Request: PUT http://localhost:6333/collections/finops_db/points?wait=true "HTTP/1.1 200 OK"
2025-04-15 07:46:39,699 - HTTP Request: POST http://localhost:11434/api/embed "HTTP/1.1 200 OK"
2025-04-15 07:46:39,902 - HTTP Request: PUT http://localhost:6333/collections/finops_db/points?wait=true "HTTP/1.1 200 OK"
2025-04-15 07:46:40,818 - HTTP Request: POST http://localhost:11434/api/embed "HTTP/1.1 200 OK"
2025-04-15 07:46:41,005 - HTTP Request: PUT http://localhost:6333/collections/finops_db/points?wait=true "HTTP/1.1 200 OK"
2025-04-15 07:46:42,072 - HTTP Request: POST http://localhost:11434/api/embed "HTTP/1.1 200 OK"
2025-04-15 07:46:42,259 - HTTP Request: PUT http://localhost:6333/collections/finops_db/points?wait=true "HTTP/1.1 200 OK"
2025-04-15 07:46:43,361 - HTTP Request: POST http://localhost:11434/api/embed "HTTP/1.1 200 OK"
2025-04-15 07:46:43,565 - HTTP Request: PUT http://localhost:6333/collections/finops_db/points?wait=true "HTTP/1.1 200 OK"
2025-04-15 07:46:44,542 - HTTP Request: POST http://localhost:11434/api/embed "HTTP/1.1 200 OK"
2025-04-15 07:46:44,716 - HTTP Request: PUT http://localhost:6333/collections/finops_db/points?wait=true "HTTP/1.1 200 OK"
2025-04-15 07:46:45,926 - HTTP Request: POST http://localhost:11434/api/embed "HTTP/1.1 200 OK"
2025-04-15 07:46:46,125 - HTTP Request: PUT http://localhost:6333/collections/finops_db/points?wait=true "HTTP/1.1 200 OK"
2025-04-15 07:46:47,105 - HTTP Request: POST http://localhost:11434/api/embed "HTTP/1.1 200 OK"
2025-04-15 07:46:47,317 - HTTP Request: PUT http://localhost:6333/collections/finops_db/points?wait=true "HTTP/1.1 200 OK"
2025-04-15 07:46:48,505 - HTTP Request: POST http://localhost:11434/api/embed "HTTP/1.1 200 OK"
2025-04-15 07:46:48,691 - HTTP Request: PUT http://localhost:6333/collections/finops_db/points?wait=true "HTTP/1.1 200 OK"
2025-04-15 07:46:49,627 - HTTP Request: POST http://localhost:11434/api/embed "HTTP/1.1 200 OK"
2025-04-15 07:46:49,797 - HTTP Request: PUT http://localhost:6333/collections/finops_db/points?wait=true "HTTP/1.1 200 OK"
2025-04-15 07:46:50,936 - HTTP Request: POST http://localhost:11434/api/embed "HTTP/1.1 200 OK"
2025-04-15 07:46:51,139 - HTTP Request: PUT http://localhost:6333/collections/finops_db/points?wait=true "HTTP/1.1 200 OK"
2025-04-15 07:46:52,386 - HTTP Request: POST http://localhost:11434/api/embed "HTTP/1.1 200 OK"
2025-04-15 07:46:52,590 - HTTP Request: PUT http://localhost:6333/collections/finops_db/points?wait=true "HTTP/1.1 200 OK"
2025-04-15 07:46:53,745 - HTTP Request: POST http://localhost:11434/api/embed "HTTP/1.1 200 OK"
2025-04-15 07:46:53,952 - HTTP Request: PUT http://localhost:6333/collections/finops_db/points?wait=true "HTTP/1.1 200 OK"
2025-04-15 07:46:55,030 - HTTP Request: POST http://localhost:11434/api/embed "HTTP/1.1 200 OK"
2025-04-15 07:46:55,234 - HTTP Request: PUT http://localhost:6333/collections/finops_db/points?wait=true "HTTP/1.1 200 OK"
2025-04-15 07:46:56,307 - HTTP Request: POST http://localhost:11434/api/embed "HTTP/1.1 200 OK"
2025-04-15 07:46:56,502 - HTTP Request: PUT http://localhost:6333/collections/finops_db/points?wait=true "HTTP/1.1 200 OK"
2025-04-15 07:46:57,682 - HTTP Request: POST http://localhost:11434/api/embed "HTTP/1.1 200 OK"
2025-04-15 07:46:57,880 - HTTP Request: PUT http://localhost:6333/collections/finops_db/points?wait=true "HTTP/1.1 200 OK"
2025-04-15 07:46:59,024 - HTTP Request: POST http://localhost:11434/api/embed "HTTP/1.1 200 OK"
2025-04-15 07:46:59,225 - HTTP Request: PUT http://localhost:6333/collections/finops_db/points?wait=true "HTTP/1.1 200 OK"
2025-04-15 07:47:00,324 - HTTP Request: POST http://localhost:11434/api/embed "HTTP/1.1 200 OK"
2025-04-15 07:47:00,526 - HTTP Request: PUT http://localhost:6333/collections/finops_db/points?wait=true "HTTP/1.1 200 OK"
2025-04-15 07:47:01,382 - HTTP Request: POST http://localhost:11434/api/embed "HTTP/1.1 200 OK"
2025-04-15 07:47:01,568 - HTTP Request: PUT http://localhost:6333/collections/finops_db/points?wait=true "HTTP/1.1 200 OK"
2025-04-15 07:47:02,819 - HTTP Request: POST http://localhost:11434/api/embed "HTTP/1.1 200 OK"
2025-04-15 07:47:03,017 - HTTP Request: PUT http://localhost:6333/collections/finops_db/points?wait=true "HTTP/1.1 200 OK"
2025-04-15 07:47:04,008 - HTTP Request: POST http://localhost:11434/api/embed "HTTP/1.1 200 OK"
2025-04-15 07:47:04,266 - HTTP Request: PUT http://localhost:6333/collections/finops_db/points?wait=true "HTTP/1.1 200 OK"
2025-04-15 07:47:05,242 - HTTP Request: POST http://localhost:11434/api/embed "HTTP/1.1 200 OK"
2025-04-15 07:47:05,450 - HTTP Request: PUT http://localhost:6333/collections/finops_db/points?wait=true "HTTP/1.1 200 OK"
2025-04-15 07:47:06,535 - HTTP Request: POST http://localhost:11434/api/embed "HTTP/1.1 200 OK"
2025-04-15 07:47:06,717 - HTTP Request: PUT http://localhost:6333/collections/finops_db/points?wait=true "HTTP/1.1 200 OK"
2025-04-15 07:47:07,926 - HTTP Request: POST http://localhost:11434/api/embed "HTTP/1.1 200 OK"
2025-04-15 07:47:08,125 - HTTP Request: PUT http://localhost:6333/collections/finops_db/points?wait=true "HTTP/1.1 200 OK"
2025-04-15 07:47:09,225 - HTTP Request: POST http://localhost:11434/api/embed "HTTP/1.1 200 OK"
2025-04-15 07:47:09,438 - HTTP Request: PUT http://localhost:6333/collections/finops_db/points?wait=true "HTTP/1.1 200 OK"
2025-04-15 07:47:10,511 - HTTP Request: POST http://localhost:11434/api/embed "HTTP/1.1 200 OK"
2025-04-15 07:47:10,712 - HTTP Request: PUT http://localhost:6333/collections/finops_db/points?wait=true "HTTP/1.1 200 OK"
2025-04-15 07:47:11,846 - HTTP Request: POST http://localhost:11434/api/embed "HTTP/1.1 200 OK"
2025-04-15 07:47:12,035 - HTTP Request: PUT http://localhost:6333/collections/finops_db/points?wait=true "HTTP/1.1 200 OK"
2025-04-15 07:47:13,188 - HTTP Request: POST http://localhost:11434/api/embed "HTTP/1.1 200 OK"
2025-04-15 07:47:13,373 - HTTP Request: PUT http://localhost:6333/collections/finops_db/points?wait=true "HTTP/1.1 200 OK"
2025-04-15 07:47:14,414 - HTTP Request: POST http://localhost:11434/api/embed "HTTP/1.1 200 OK"
2025-04-15 07:47:14,581 - HTTP Request: PUT http://localhost:6333/collections/finops_db/points?wait=true "HTTP/1.1 200 OK"
2025-04-15 07:47:15,734 - HTTP Request: POST http://localhost:11434/api/embed "HTTP/1.1 200 OK"
2025-04-15 07:47:15,934 - HTTP Request: PUT http://localhost:6333/collections/finops_db/points?wait=true "HTTP/1.1 200 OK"
2025-04-15 07:47:16,937 - HTTP Request: POST http://localhost:11434/api/embed "HTTP/1.1 200 OK"
2025-04-15 07:47:17,142 - HTTP Request: PUT http://localhost:6333/collections/finops_db/points?wait=true "HTTP/1.1 200 OK"
2025-04-15 07:47:18,244 - HTTP Request: POST http://localhost:11434/api/embed "HTTP/1.1 200 OK"
2025-04-15 07:47:18,434 - HTTP Request: PUT http://localhost:6333/collections/finops_db/points?wait=true "HTTP/1.1 200 OK"
2025-04-15 07:47:19,528 - HTTP Request: POST http://localhost:11434/api/embed "HTTP/1.1 200 OK"
2025-04-15 07:47:19,697 - HTTP Request: PUT http://localhost:6333/collections/finops_db/points?wait=true "HTTP/1.1 200 OK"
2025-04-15 07:47:20,794 - HTTP Request: POST http://localhost:11434/api/embed "HTTP/1.1 200 OK"
2025-04-15 07:47:21,002 - HTTP Request: PUT http://localhost:6333/collections/finops_db/points?wait=true "HTTP/1.1 200 OK"
2025-04-15 07:47:21,863 - HTTP Request: POST http://localhost:11434/api/embed "HTTP/1.1 200 OK"
2025-04-15 07:47:22,061 - HTTP Request: PUT http://localhost:6333/collections/finops_db/points?wait=true "HTTP/1.1 200 OK"
2025-04-15 07:47:23,192 - HTTP Request: POST http://localhost:11434/api/embed "HTTP/1.1 200 OK"
2025-04-15 07:47:23,391 - HTTP Request: PUT http://localhost:6333/collections/finops_db/points?wait=true "HTTP/1.1 200 OK"
2025-04-15 07:47:24,459 - HTTP Request: POST http://localhost:11434/api/embed "HTTP/1.1 200 OK"
2025-04-15 07:47:24,649 - HTTP Request: PUT http://localhost:6333/collections/finops_db/points?wait=true "HTTP/1.1 200 OK"
2025-04-15 07:47:25,585 - HTTP Request: POST http://localhost:11434/api/embed "HTTP/1.1 200 OK"
2025-04-15 07:47:25,810 - HTTP Request: PUT http://localhost:6333/collections/finops_db/points?wait=true "HTTP/1.1 200 OK"
2025-04-15 07:47:26,737 - HTTP Request: POST http://localhost:11434/api/embed "HTTP/1.1 200 OK"
2025-04-15 07:47:26,920 - HTTP Request: PUT http://localhost:6333/collections/finops_db/points?wait=true "HTTP/1.1 200 OK"
2025-04-15 07:47:28,125 - HTTP Request: POST http://localhost:11434/api/embed "HTTP/1.1 200 OK"
2025-04-15 07:47:28,337 - HTTP Request: PUT http://localhost:6333/collections/finops_db/points?wait=true "HTTP/1.1 200 OK"
2025-04-15 07:47:29,414 - HTTP Request: POST http://localhost:11434/api/embed "HTTP/1.1 200 OK"
2025-04-15 07:47:29,637 - HTTP Request: PUT http://localhost:6333/collections/finops_db/points?wait=true "HTTP/1.1 200 OK"
2025-04-15 07:47:30,761 - HTTP Request: POST http://localhost:11434/api/embed "HTTP/1.1 200 OK"
2025-04-15 07:47:30,976 - HTTP Request: PUT http://localhost:6333/collections/finops_db/points?wait=true "HTTP/1.1 200 OK"
2025-04-15 07:47:32,121 - HTTP Request: POST http://localhost:11434/api/embed "HTTP/1.1 200 OK"
2025-04-15 07:47:32,315 - HTTP Request: PUT http://localhost:6333/collections/finops_db/points?wait=true "HTTP/1.1 200 OK"
2025-04-15 07:47:33,450 - HTTP Request: POST http://localhost:11434/api/embed "HTTP/1.1 200 OK"
2025-04-15 07:47:33,653 - HTTP Request: PUT http://localhost:6333/collections/finops_db/points?wait=true "HTTP/1.1 200 OK"
2025-04-15 07:47:34,823 - HTTP Request: POST http://localhost:11434/api/embed "HTTP/1.1 200 OK"
2025-04-15 07:47:34,999 - HTTP Request: PUT http://localhost:6333/collections/finops_db/points?wait=true "HTTP/1.1 200 OK"
2025-04-15 07:47:36,163 - HTTP Request: POST http://localhost:11434/api/embed "HTTP/1.1 200 OK"
2025-04-15 07:47:36,368 - HTTP Request: PUT http://localhost:6333/collections/finops_db/points?wait=true "HTTP/1.1 200 OK"
2025-04-15 07:47:37,451 - HTTP Request: POST http://localhost:11434/api/embed "HTTP/1.1 200 OK"
2025-04-15 07:47:37,648 - HTTP Request: PUT http://localhost:6333/collections/finops_db/points?wait=true "HTTP/1.1 200 OK"
2025-04-15 07:47:38,876 - HTTP Request: POST http://localhost:11434/api/embed "HTTP/1.1 200 OK"
2025-04-15 07:47:39,080 - HTTP Request: PUT http://localhost:6333/collections/finops_db/points?wait=true "HTTP/1.1 200 OK"
2025-04-15 07:47:39,969 - HTTP Request: POST http://localhost:11434/api/embed "HTTP/1.1 200 OK"
2025-04-15 07:47:40,134 - HTTP Request: PUT http://localhost:6333/collections/finops_db/points?wait=true "HTTP/1.1 200 OK"
2025-04-15 07:47:41,375 - HTTP Request: POST http://localhost:11434/api/embed "HTTP/1.1 200 OK"
2025-04-15 07:47:41,603 - HTTP Request: PUT http://localhost:6333/collections/finops_db/points?wait=true "HTTP/1.1 200 OK"
2025-04-15 07:47:42,654 - HTTP Request: POST http://localhost:11434/api/embed "HTTP/1.1 200 OK"
2025-04-15 07:47:42,848 - HTTP Request: PUT http://localhost:6333/collections/finops_db/points?wait=true "HTTP/1.1 200 OK"
2025-04-15 07:47:43,803 - HTTP Request: POST http://localhost:11434/api/embed "HTTP/1.1 200 OK"
2025-04-15 07:47:43,964 - HTTP Request: PUT http://localhost:6333/collections/finops_db/points?wait=true "HTTP/1.1 200 OK"
2025-04-15 07:47:45,200 - HTTP Request: POST http://localhost:11434/api/embed "HTTP/1.1 200 OK"
2025-04-15 07:47:45,375 - HTTP Request: PUT http://localhost:6333/collections/finops_db/points?wait=true "HTTP/1.1 200 OK"
2025-04-15 07:47:46,524 - HTTP Request: POST http://localhost:11434/api/embed "HTTP/1.1 200 OK"
2025-04-15 07:47:46,711 - HTTP Request: PUT http://localhost:6333/collections/finops_db/points?wait=true "HTTP/1.1 200 OK"
2025-04-15 07:47:47,888 - HTTP Request: POST http://localhost:11434/api/embed "HTTP/1.1 200 OK"
2025-04-15 07:47:48,083 - HTTP Request: PUT http://localhost:6333/collections/finops_db/points?wait=true "HTTP/1.1 200 OK"
2025-04-15 07:47:48,943 - HTTP Request: POST http://localhost:11434/api/embed "HTTP/1.1 200 OK"
2025-04-15 07:47:49,130 - HTTP Request: PUT http://localhost:6333/collections/finops_db/points?wait=true "HTTP/1.1 200 OK"
2025-04-15 07:47:50,104 - HTTP Request: POST http://localhost:11434/api/embed "HTTP/1.1 200 OK"
2025-04-15 07:47:50,261 - HTTP Request: PUT http://localhost:6333/collections/finops_db/points?wait=true "HTTP/1.1 200 OK"
2025-04-15 07:47:51,510 - HTTP Request: POST http://localhost:11434/api/embed "HTTP/1.1 200 OK"
2025-04-15 07:47:51,694 - HTTP Request: PUT http://localhost:6333/collections/finops_db/points?wait=true "HTTP/1.1 200 OK"
